\BOOKMARK [0][]{chapter.1}{\376\377\000B\000e\000v\000e\000z\000e\000t\001\121}{}% 1
\BOOKMARK [0][]{chapter.2}{\376\377\000A\000\040\000C\000r\000o\000n\000o\000t\000u\000s\000\040\000p\000r\000o\000j\000e\000k\000t}{}% 2
\BOOKMARK [1][]{section.2.1}{\376\377\000P\000i\000a\000c\000k\000u\000t\000a\000t\000\341\000s}{chapter.2}% 3
\BOOKMARK [1][]{section.2.2}{\376\377\000A\000\040\000C\000r\000o\000n\000o\000t\000u\000s\000\040\000f\000u\000n\000k\000c\000i\000o\000n\000a\000l\000i\000t\000\341\000s\000a\000i}{chapter.2}% 4
\BOOKMARK [1][]{section.2.3}{\376\377\000S\000z\000e\000r\000e\000p\000k\000\366\000r\000\366\000k}{chapter.2}% 5
\BOOKMARK [2][]{subsection.2.3.1}{\376\377\000A\000\040\000s\000z\000e\000r\000v\000e\000z\001\121}{section.2.3}% 6
\BOOKMARK [2][]{subsection.2.3.2}{\376\377\000A\000\040\000j\000\341\000t\000\351\000k\000o\000s}{section.2.3}% 7
\BOOKMARK [0][]{chapter.3}{\376\377\000F\000e\000l\000h\000a\000s\000z\000n\000\341\000l\000t\000\040\000t\000e\000c\000h\000n\000o\000l\000\363\000g\000i\000\341\000k}{}% 8
\BOOKMARK [1][]{section.3.1}{\376\377\000A\000\040\000s\000z\000e\000r\000v\000e\000r}{chapter.3}% 9
\BOOKMARK [2][]{subsection.3.1.1}{\376\377\000A\000\040\000r\000\351\000t\000e\000g\000e\000l\000t\000\040\000a\000r\000c\000h\000i\000t\000e\000k\000t\000\372\000r\000a\000\040\000e\000l\001\121\000n\000y\000e\000i}{section.3.1}% 10
\BOOKMARK [2][]{subsection.3.1.2}{\376\377\000A\000z\000\040\000a\000d\000a\000t\000b\000\341\000z\000i\000s}{section.3.1}% 11
\BOOKMARK [2][]{subsection.3.1.3}{\376\377\000A\000\040\000C\000r\000o\000n\000o\000t\000u\000s\000\040\000A\000P\000I}{section.3.1}% 12
\BOOKMARK [2][]{subsection.3.1.4}{\376\377\000H\000i\000t\000e\000l\000e\000s\000\355\000t\000\351\000s\000\040\000\351\000s\000\040\000E\000n\000g\000e\000d\000\351\000l\000y\000e\000z\000\351\000s}{section.3.1}% 13
\BOOKMARK [2][]{subsection.3.1.5}{\376\377\000G\000l\000o\000b\000\341\000l\000i\000s\000\040\000h\000i\000b\000a\000k\000e\000z\000e\000l\000\351\000s}{section.3.1}% 14
\BOOKMARK [1][]{section.3.2}{\376\377\000A\000\040\000f\000e\000l\000h\000a\000s\000z\000n\000\341\000l\000\363\000i\000\040\000f\000e\000l\000\374\000l\000e\000t}{chapter.3}% 15
\BOOKMARK [2][]{subsection.3.2.1}{\376\377\000F\000e\000l\000h\000a\000s\000z\000n\000\341\000l\000t\000\040\000t\000e\000c\000h\000n\000o\000l\000\363\000g\000i\000a}{section.3.2}% 16
\BOOKMARK [2][]{subsection.3.2.2}{\376\377\000K\000o\000m\000m\000u\000n\000i\000k\000\341\000c\000i\000\363\000\040\000a\000\040\000s\000z\000e\000r\000v\000e\000r\000r\000e\000l}{section.3.2}% 17
\BOOKMARK [2][]{subsection.3.2.3}{\376\377\000O\000l\000d\000a\000l\000a\000k\000\040\000k\000\366\000z\000\366\000t\000t\000i\000\040\000n\000a\000v\000i\000g\000\341\000l\000\341\000s}{section.3.2}% 18
\BOOKMARK [2][]{subsection.3.2.4}{\376\377\000M\000u\000n\000k\000a\000m\000e\000n\000e\000t\000k\000e\000z\000e\000l\000\351\000s\000\040\000J\000W\000T\000\040\000t\000o\000k\000e\000n\000e\000k\000k\000e\000l}{section.3.2}% 19
\BOOKMARK [0][]{chapter.4}{\376\377\000A\000\040\000C\000r\000o\000n\000o\000t\000u\000s\000\040\000f\000e\000l\000h\000a\000s\000z\000n\000\341\000l\000\363\000i\000\040\000f\000e\000l\000\374\000l\000e\000t\000e}{}% 20
\BOOKMARK [1][]{section.4.1}{\376\377\000A\000\040\000f\000o\000g\000a\000d\000\363\000\040\000o\000l\000d\000a\000l\000\040\000\351\000s\000\040\000a\000\040\000r\000e\000g\000i\000s\000z\000t\000r\000\341\000c\000i\000\363}{chapter.4}% 21
\BOOKMARK [1][]{section.4.2}{\376\377\000A\000\040\000p\000r\000o\000f\000i\000l\000\040\000o\000l\000d\000a\000l}{chapter.4}% 22
\BOOKMARK [1][]{section.4.3}{\376\377\000A\000\040\000s\000p\000o\000r\000t\000e\000s\000e\000m\000\351\000n\000y\000\040\000b\000\366\000n\000g\000\351\000s\000z\001\121}{chapter.4}% 23
\BOOKMARK [2][]{subsection.4.3.1}{\376\377\000S\000p\000o\000r\000t\000e\000s\000e\000m\000\351\000n\000y\000e\000k\000\040\000s\000z\001\161\000r\000\351\000s\000e}{section.4.3}% 24
\BOOKMARK [1][]{section.4.4}{\376\377\000L\000a\000p\000s\000z\000\341\000m\000o\000z\000\341\000s\000\040\000-\000\040\000P\000a\000g\000i\000n\000a\000t\000i\000o\000n}{chapter.4}% 25
\BOOKMARK [0][]{chapter.5}{\376\377\000A\000\040\000p\000r\000o\000j\000e\000k\000t\000\040\000m\000e\000n\000e\000d\000z\000s\000e\000l\000\351\000s\000e}{}% 26
\BOOKMARK [1][]{section.5.1}{\376\377\000V\000e\000r\000z\000i\000\363\000k\000e\000z\000e\000l\000\351\000s\000\040\000G\000i\000t\000\040\000s\000e\000g\000\355\000t\000s\000\351\000g\000\351\000v\000e\000l}{chapter.5}% 27
